1510999264145	geckodriver	INFO	geckodriver 0.19.1
1510999264193	geckodriver	INFO	Listening on 127.0.0.1:50819
1510999266394	mozrunner::runner	INFO	Running command: "C:\\Program Files\\Mozilla Firefox\\55_3\\firefox.exe" "-marionette" "-profile" "C:\\Users\\Benzo\\AppData\\Local\\Temp\\rust_mozprofile.IJ6tMycCNC8W"
1510999271277	addons.xpi	WARN	Error parsing extensions state: [Exception... "Component returned failure code: 0x80520012 (NS_ERROR_FILE_NOT_FOUND) [amIAddonManagerStartup.readStartupData]"  nsresult: "0x80520012 (NS_ERROR_FILE_NOT_FOUND)"  location: "JS frame :: resource://gre/modules/addons/XPIProvider.jsm :: loadExtensionState :: line 1596"  data: no] Stack trace: loadExtensionState()@resource://gre/modules/addons/XPIProvider.jsm:1596 < getInstallState()@resource://gre/modules/addons/XPIProvider.jsm:1631 < checkForChanges()@resource://gre/modules/addons/XPIProvider.jsm:3152 < startup()@resource://gre/modules/addons/XPIProvider.jsm:2246 < callProvider()@resource://gre/modules/AddonManager.jsm:271 < _startProvider()@resource://gre/modules/AddonManager.jsm:741 < startup()@resource://gre/modules/AddonManager.jsm:908 < startup()@resource://gre/modules/AddonManager.jsm:3122 < observe()@jar:file:///C:/Program%20Files/Mozilla%20Firefox/55_3/omni.ja!/components/addonManager.js:65
1510999273538	Marionette	INFO	Enabled via --marionette
1510999282352	Marionette	INFO	Listening on port 50827
1510999282429	Marionette	INFO	Listening on port 50827
1510999282829	Marionette	WARN	TLS certificate errors will be ignored for this session
1510999283108	Marionette	DEBUG	loaded listener.js
Unable to read VR Path Registry from C:\Users\Benzo\AppData\Local\openvr\openvrpaths.vrpath
[GPU 6648] WARNING: pipe error: 109: file c:/builds/moz2_slave/m-rel-w64-00000000000000000000/build/src/ipc/chromium/src/chrome/common/ipc_channel_win.cc, line 346
Unable to read VR Path Registry from C:\Users\Benzo\AppData\Local\openvr\openvrpaths.vrpath
[Parent 8756] WARNING: pipe error: 109: file c:/builds/moz2_slave/m-rel-w64-00000000000000000000/build/src/ipc/chromium/src/chrome/common/ipc_channel_win.cc, line 346
Unable to read VR Path Registry from C:\Users\Benzo\AppData\Local\openvr\openvrpaths.vrpath
[Child 5480] WARNING: pipe error: 109: file c:/builds/moz2_slave/m-rel-w64-00000000000000000000/build/src/ipc/chromium/src/chrome/common/ipc_channel_win.cc, line 346

###!!! [Child][MessageChannel::SendAndWait] Error: Channel error: cannot send/recv

1510999296117	geckodriver	INFO	geckodriver 0.19.1
1510999296153	geckodriver	INFO	Listening on 127.0.0.1:50865
1510999298277	mozrunner::runner	INFO	Running command: "C:\\Program Files\\Mozilla Firefox\\55_3\\firefox.exe" "-marionette" "-profile" "C:\\Users\\Benzo\\AppData\\Local\\Temp\\rust_mozprofile.i16hJ2YqZTBC"
1510999299933	addons.xpi	WARN	Error parsing extensions state: [Exception... "Component returned failure code: 0x80520012 (NS_ERROR_FILE_NOT_FOUND) [amIAddonManagerStartup.readStartupData]"  nsresult: "0x80520012 (NS_ERROR_FILE_NOT_FOUND)"  location: "JS frame :: resource://gre/modules/addons/XPIProvider.jsm :: loadExtensionState :: line 1596"  data: no] Stack trace: loadExtensionState()@resource://gre/modules/addons/XPIProvider.jsm:1596 < getInstallState()@resource://gre/modules/addons/XPIProvider.jsm:1631 < checkForChanges()@resource://gre/modules/addons/XPIProvider.jsm:3152 < startup()@resource://gre/modules/addons/XPIProvider.jsm:2246 < callProvider()@resource://gre/modules/AddonManager.jsm:271 < _startProvider()@resource://gre/modules/AddonManager.jsm:741 < startup()@resource://gre/modules/AddonManager.jsm:908 < startup()@resource://gre/modules/AddonManager.jsm:3122 < observe()@jar:file:///C:/Program%20Files/Mozilla%20Firefox/55_3/omni.ja!/components/addonManager.js:65
1510999301866	Marionette	INFO	Enabled via --marionette
1510999308549	Marionette	INFO	Listening on port 50871
1510999308579	Marionette	INFO	Listening on port 50871
1510999309127	Marionette	WARN	TLS certificate errors will be ignored for this session
1510999309349	Marionette	DEBUG	loaded listener.js
Unable to read VR Path Registry from C:\Users\Benzo\AppData\Local\openvr\openvrpaths.vrpath
[Parent 5056] WARNING: pipe error: 109: file c:/builds/moz2_slave/m-rel-w64-00000000000000000000/build/src/ipc/chromium/src/chrome/common/ipc_channel_win.cc, line 346
Unable to read VR Path Registry from C:\Users\Benzo\AppData\Local\openvr\openvrpaths.vrpath
[GPU 4324] WARNING: pipe error: 109: file c:/builds/moz2_slave/m-rel-w64-00000000000000000000/build/src/ipc/chromium/src/chrome/common/ipc_channel_win.cc, line 346
[GPU 4324] WARNING: pipe error: 109: file c:/builds/moz2_slave/m-rel-w64-00000000000000000000/build/src/ipc/chromium/src/chrome/common/ipc_channel_win.cc, line 346
[Parent 5056] WARNING: pipe error: 109: file c:/builds/moz2_slave/m-rel-w64-00000000000000000000/build/src/ipc/chromium/src/chrome/common/ipc_channel_win.cc, line 346
Unable to read VR Path Registry from C:\Users\Benzo\AppData\Local\openvr\openvrpaths.vrpath
[Child 4680] WARNING: pipe error: 109: file c:/builds/moz2_slave/m-rel-w64-00000000000000000000/build/src/ipc/chromium/src/chrome/common/ipc_channel_win.cc, line 346
[GPU 4324] WARNING: pipe error: 109: file c:/builds/moz2_slave/m-rel-w64-00000000000000000000/build/src/ipc/chromium/src/chrome/common/ipc_channel_win.cc, line 346

###!!! [Child][MessageChannel::SendAndWait] Error: Channel error: cannot send/recv

1510999444340	geckodriver	INFO	geckodriver 0.19.1
1510999444364	geckodriver	INFO	Listening on 127.0.0.1:50958
1510999446554	mozrunner::runner	INFO	Running command: "C:\\Program Files\\Mozilla Firefox\\55_3\\firefox.exe" "-marionette" "-profile" "C:\\Users\\Benzo\\AppData\\Local\\Temp\\rust_mozprofile.sQHCKR6oMwlV"
1510999448569	addons.xpi	WARN	Error parsing extensions state: [Exception... "Component returned failure code: 0x80520012 (NS_ERROR_FILE_NOT_FOUND) [amIAddonManagerStartup.readStartupData]"  nsresult: "0x80520012 (NS_ERROR_FILE_NOT_FOUND)"  location: "JS frame :: resource://gre/modules/addons/XPIProvider.jsm :: loadExtensionState :: line 1596"  data: no] Stack trace: loadExtensionState()@resource://gre/modules/addons/XPIProvider.jsm:1596 < getInstallState()@resource://gre/modules/addons/XPIProvider.jsm:1631 < checkForChanges()@resource://gre/modules/addons/XPIProvider.jsm:3152 < startup()@resource://gre/modules/addons/XPIProvider.jsm:2246 < callProvider()@resource://gre/modules/AddonManager.jsm:271 < _startProvider()@resource://gre/modules/AddonManager.jsm:741 < startup()@resource://gre/modules/AddonManager.jsm:908 < startup()@resource://gre/modules/AddonManager.jsm:3122 < observe()@jar:file:///C:/Program%20Files/Mozilla%20Firefox/55_3/omni.ja!/components/addonManager.js:65
1510999451182	Marionette	INFO	Enabled via --marionette
Unable to read VR Path Registry from C:\Users\Benzo\AppData\Local\openvr\openvrpaths.vrpath
[GPU 7624] WARNING: pipe error: 109: file c:/builds/moz2_slave/m-rel-w64-00000000000000000000/build/src/ipc/chromium/src/chrome/common/ipc_channel_win.cc, line 346
1510999458791	Marionette	INFO	Listening on port 50964
1510999458804	Marionette	INFO	Listening on port 50964
1510999459123	Marionette	WARN	TLS certificate errors will be ignored for this session
1510999459241	Marionette	DEBUG	loaded listener.js
1510999459316	Marionette	DEBUG	Received DOM event "beforeunload" for "about:blank"
1510999459924	Marionette	DEBUG	Received DOM event "pagehide" for "about:blank"
1510999459925	Marionette	DEBUG	Received DOM event "unload" for "about:blank"
1510999460958	Marionette	DEBUG	Received DOM event "DOMContentLoaded" for "https://www.facebook.com/"
1510999462581	Marionette	DEBUG	Received DOM event "pageshow" for "https://www.facebook.com/"
[GPU 7624] WARNING: pipe error: 109: file c:/builds/moz2_slave/m-rel-w64-00000000000000000000/build/src/ipc/chromium/src/chrome/common/ipc_channel_win.cc, line 346
Unable to read VR Path Registry from C:\Users\Benzo\AppData\Local\openvr\openvrpaths.vrpath
[Child 9460] WARNING: pipe error: 109: file c:/builds/moz2_slave/m-rel-w64-00000000000000000000/build/src/ipc/chromium/src/chrome/common/ipc_channel_win.cc, line 346

###!!! [Child][MessageChannel::SendAndWait] Error: Channel error: cannot send/recv

Unable to read VR Path Registry from C:\Users\Benzo\AppData\Local\openvr\openvrpaths.vrpath
